
OK: C:\Users\rjone\DRmare\converted\The Middle\Season 01\01 Pilot (1080p HD)(1).mkv
OK: C:\Users\rjone\DRmare\converted\The Middle\Season 01\02 The Cheerleader (1080p HD).mkv
OK: C:\Users\rjone\DRmare\converted\The Middle\Season 01\03 The Floating Anniversary (1080p H.mkv
OK: C:\Users\rjone\DRmare\converted\The Middle\Season 01\04 The Trip (1080p HD).mkv
OK: C:\Users\rjone\DRmare\converted\The Middle\Season 01\05 The Block Party (1080p HD).mkv
OK: C:\Users\rjone\DRmare\converted\The Middle\Season 01\06 The Front Door (1080p HD).mkv
OK: C:\Users\rjone\DRmare\converted\The Middle\Season 01\07 The Scratch (1080p HD).mkv
OK: C:\Users\rjone\DRmare\converted\The Middle\Season 01\08 Thanksgiving (1080p HD).mkv
OK: C:\Users\rjone\DRmare\converted\The Middle\Season 01\09 Siblings (1080p HD).mkv
OK: C:\Users\rjone\DRmare\converted\The Middle\Season 01\10 Christmas (1080p HD).mkv
OK: C:\Users\rjone\DRmare\converted\The Middle\Season 01\11 The Jeans (1080p HD).mkv
OK: C:\Users\rjone\DRmare\converted\The Middle\Season 01\12 The Neighbor (1080p HD).mkv
OK: C:\Users\rjone\DRmare\converted\The Middle\Season 01\13 The Interview (1080p HD).mkv
OK: C:\Users\rjone\DRmare\converted\The Middle\Season 01\14 The Yelling (1080p HD).mkv
OK: C:\Users\rjone\DRmare\converted\The Middle\Season 01\15 Valentine's Day (1080p HD).mkv
OK: C:\Users\rjone\DRmare\converted\The Middle\Season 01\16 The Bee (1080p HD).mkv
OK: C:\Users\rjone\DRmare\converted\The Middle\Season 01\17 The Break Up (1080p HD).mkv
OK: C:\Users\rjone\DRmare\converted\The Middle\Season 01\18 The Fun House (1080p HD).mkv
OK: C:\Users\rjone\DRmare\converted\The Middle\Season 01\19 The Final Four (1080p HD).mkv
OK: C:\Users\rjone\DRmare\converted\The Middle\Season 01\20 TV or Not TV (1080p HD).mkv
OK: C:\Users\rjone\DRmare\converted\The Middle\Season 01\21 Worry Duty (1080p HD).mkv
OK: C:\Users\rjone\DRmare\converted\The Middle\Season 01\22 Mother's Day (1080p HD).mkv
OK: C:\Users\rjone\DRmare\converted\The Middle\Season 01\23 Signals (1080p HD).mkv
OK: C:\Users\rjone\DRmare\converted\The Middle\Season 01\24 Average Rules (1080p HD).mkv
